TN:
SF:lib/providers/auth_repository.dart
FNF:0
FNH:0
DA:7,1
DA:12,1
LF:2
LH:2
end_of_record
TN:
SF:lib/providers/auth_state.dart
FNF:0
FNH:0
DA:9,1
DA:11,3
DA:12,1
DA:14,3
DA:15,2
DA:18,3
DA:19,1
DA:25,1
DA:26,1
DA:28,3
DA:29,1
LF:11
LH:11
end_of_record
TN:
SF:lib/providers/game.dart
FNF:0
FNH:0
DA:9,1
DA:11,3
DA:12,1
DA:15,1
DA:18,3
DA:19,1
LF:6
LH:6
end_of_record
TN:
SF:lib/providers/games.dart
FNF:0
FNH:0
DA:9,1
DA:11,3
DA:12,1
DA:15,1
DA:18,5
LF:5
LH:5
end_of_record
TN:
SF:lib/providers/games_repository.dart
FNF:0
FNH:0
DA:8,1
DA:13,1
LF:2
LH:2
end_of_record
TN:
SF:lib/repositories/auth_repository.dart
FNF:0
FNH:0
DA:5,0
DA:9,3
DA:15,1
DA:16,2
DA:20,1
DA:25,0
DA:27,0
DA:28,0
DA:30,0
DA:31,0
LF:10
LH:4
end_of_record
TN:
SF:lib/repositories/games_repository.dart
FNF:0
FNH:0
DA:5,2
DA:17,0
DA:23,0
DA:24,0
DA:25,0
DA:26,0
DA:27,0
DA:31,2
DA:32,2
DA:33,2
DA:34,2
DA:35,2
DA:36,2
DA:41,0
DA:42,0
DA:43,0
DA:44,0
DA:45,0
DA:46,0
DA:52,1
DA:57,0
DA:58,0
DA:59,0
DA:60,0
DA:62,0
DA:63,0
DA:64,0
DA:67,0
DA:68,0
DA:70,0
LF:30
LH:8
end_of_record
