TN:
SF:lib/providers/auth_repository.dart
FNF:0
FNH:0
DA:7,1
DA:12,1
LF:2
LH:2
end_of_record
TN:
SF:lib/providers/auth_state.dart
FNF:0
FNH:0
DA:9,1
DA:11,3
DA:12,1
DA:14,3
DA:15,2
DA:18,3
DA:19,1
DA:25,1
DA:26,1
DA:28,3
DA:29,1
LF:11
LH:11
end_of_record
TN:
SF:lib/providers/game.dart
FNF:0
FNH:0
DA:9,1
DA:11,3
DA:12,1
DA:15,1
DA:18,3
DA:19,1
LF:6
LH:6
end_of_record
TN:
SF:lib/providers/games.dart
FNF:0
FNH:0
DA:9,1
DA:11,3
DA:12,1
DA:15,1
DA:18,5
LF:5
LH:5
end_of_record
TN:
SF:lib/providers/games_repository.dart
FNF:0
FNH:0
DA:8,1
DA:13,1
LF:2
LH:2
end_of_record
TN:
SF:lib/repositories/auth_repository.dart
FNF:0
FNH:0
DA:5,3
DA:9,5
DA:15,2
DA:16,4
DA:20,2
DA:25,4
DA:27,1
DA:28,5
DA:30,1
DA:31,3
LF:10
LH:10
end_of_record
TN:
SF:lib/repositories/games_repository.dart
FNF:0
FNH:0
DA:5,3
DA:17,1
DA:23,1
DA:24,1
DA:25,1
DA:26,1
DA:27,1
DA:31,3
DA:32,3
DA:33,3
DA:34,3
DA:35,3
DA:36,3
DA:41,1
DA:42,1
DA:43,1
DA:44,1
DA:45,1
DA:46,1
DA:47,1
DA:53,2
DA:58,1
DA:59,1
DA:60,1
DA:61,3
DA:63,3
DA:64,1
DA:65,1
DA:68,1
DA:69,4
DA:71,1
LF:31
LH:31
end_of_record
